c:\users\brian\documents\github\computer-graphic-project3\roller coaster\x64\debug\3dsloader.obj
c:\users\brian\documents\github\computer-graphic-project3\roller coaster\x64\debug\3dutils.obj
c:\users\brian\documents\github\computer-graphic-project3\roller coaster\x64\debug\appmain.obj
c:\users\brian\documents\github\computer-graphic-project3\roller coaster\x64\debug\arcballcam.obj
c:\users\brian\documents\github\computer-graphic-project3\roller coaster\x64\debug\cbmploader.obj
c:\users\brian\documents\github\computer-graphic-project3\roller coaster\x64\debug\controlpoint.obj
c:\users\brian\documents\github\computer-graphic-project3\roller coaster\x64\debug\main.obj
c:\users\brian\documents\github\computer-graphic-project3\roller coaster\x64\debug\moc_appmain.obj
c:\users\brian\documents\github\computer-graphic-project3\roller coaster\x64\debug\moc_trainview.obj
c:\users\brian\documents\github\computer-graphic-project3\roller coaster\x64\debug\model.obj
c:\users\brian\documents\github\computer-graphic-project3\roller coaster\x64\debug\pnt3f.obj
c:\users\brian\documents\github\computer-graphic-project3\roller coaster\x64\debug\qrc_appmain.obj
c:\users\brian\documents\github\computer-graphic-project3\roller coaster\x64\debug\skybox.obj
c:\users\brian\documents\github\computer-graphic-project3\roller coaster\x64\debug\square.obj
c:\users\brian\documents\github\computer-graphic-project3\roller coaster\x64\debug\tgatexture.obj
c:\users\brian\documents\github\computer-graphic-project3\roller coaster\x64\debug\track.obj
c:\users\brian\documents\github\computer-graphic-project3\roller coaster\x64\debug\trainview.obj
c:\users\brian\documents\github\computer-graphic-project3\roller coaster\x64\debug\triangle.obj
c:\users\brian\documents\github\computer-graphic-project3\roller coaster\x64\debug\vector.obj
c:\users\brian\documents\github\computer-graphic-project3\roller coaster\x64\debug\water.obj
c:\users\brian\documents\github\computer-graphic-project3\x64\debug\roller coaster.pdb
c:\users\brian\documents\github\computer-graphic-project3\x64\debug\roller coaster.exe
c:\users\brian\documents\github\computer-graphic-project3\x64\debug\roller coaster.ilk
